Ravi2_orthomosaic_02mm.png imported
Image size: (19871, 20555, 3)
Currently running on GPU
Model vit_h
Clip: [0. 0.]
Cropped from (4968, 5139, 3) to (1024, 1024, 3)
1728
Threshold: 1000 pixels, 1027870 groups removed 
Overlap groups before filtering: 1027927, after filtering: 57
loop took:  48.68936491012573
Clip: [0.  0.5]
Cropped from (4968, 5139, 3) to (1024, 1024, 3)
1728
Threshold: 1000 pixels, 1023925 groups removed 
Overlap groups before filtering: 1023973, after filtering: 48
loop took:  47.40608787536621
Clip: [0. 1.]
Cropped from (4968, 5139, 3) to (1024, 1024, 3)
1728
Threshold: 1000 pixels, 1037271 groups removed 
Overlap groups before filtering: 1037299, after filtering: 28
loop took:  54.37544298171997
Clip: [0.  1.5]
Cropped from (4968, 5139, 3) to (1024, 1024, 3)
1728
Threshold: 1000 pixels, 1021143 groups removed 
Overlap groups before filtering: 1021253, after filtering: 110
loop took:  34.807433128356934
Clip: [0. 2.]
Cropped from (4968, 5139, 3) to (1024, 1024, 3)
1728
Threshold: 1000 pixels, 1021872 groups removed 
Overlap groups before filtering: 1021931, after filtering: 59
loop took:  49.09989523887634
Clip: [0.  2.5]
Cropped from (4968, 5139, 3) to (1024, 1024, 3)
1728
Threshold: 1000 pixels, 983368 groups removed 
Overlap groups before filtering: 983474, after filtering: 106
loop took:  41.26116490364075
Clip: [0. 3.]
Cropped from (4968, 5139, 3) to (1024, 1024, 3)
1728
Threshold: 1000 pixels, 987194 groups removed 
Overlap groups before filtering: 987231, after filtering: 37
loop took:  49.936031103134155
Clip: [0.  3.5]
Cropped from (4968, 5139, 3) to (1024, 1024, 3)
1728
Threshold: 1000 pixels, 1006155 groups removed 
Overlap groups before filtering: 1006260, after filtering: 105
loop took:  42.90797138214111
Clip: [0. 4.]
Cropped from (4968, 5139, 3) to (1024, 1024, 3)
1728
Threshold: 1000 pixels, 968864 groups removed 
Overlap groups before filtering: 968929, after filtering: 65
loop took:  44.24758434295654
Clip: [0.  4.5]
Cropped from (4968, 5139, 3) to (1024, 531, 3)
1728
Threshold: 1000 pixels, 520794 groups removed 
Overlap groups before filtering: 520824, after filtering: 30
loop took:  30.7706515789032
Clip: [0. 5.]
Cropped from (4968, 5139, 3) to (1024, 19, 3)
This crop is too small
loop took:  0.4612112045288086
Clip: [0.  5.5]
Exceeded image boundary
loop took:  0.00018405914306640625
Clip: [0.5 0. ]
Cropped from (4968, 5139, 3) to (1024, 1024, 3)
1728
Threshold: 1000 pixels, 1038674 groups removed 
Overlap groups before filtering: 1038718, after filtering: 44
loop took:  60.96944499015808
Clip: [0.5 0.5]
Cropped from (4968, 5139, 3) to (1024, 1024, 3)
1728
Threshold: 1000 pixels, 1035125 groups removed 
Overlap groups before filtering: 1035170, after filtering: 45
loop took:  51.60736799240112
Clip: [0.5 1. ]
Cropped from (4968, 5139, 3) to (1024, 1024, 3)
1728
Threshold: 1000 pixels, 1039682 groups removed 
Overlap groups before filtering: 1039720, after filtering: 38
loop took:  59.55008316040039
Clip: [0.5 1.5]
Cropped from (4968, 5139, 3) to (1024, 1024, 3)
1728
Threshold: 1000 pixels, 947878 groups removed 
Overlap groups before filtering: 947955, after filtering: 77
loop took:  44.81353735923767
Clip: [0.5 2. ]
Cropped from (4968, 5139, 3) to (1024, 1024, 3)
1728
Threshold: 1000 pixels, 1005571 groups removed 
Overlap groups before filtering: 1005604, after filtering: 33
loop took:  55.99807572364807
Clip: [0.5 2.5]
Cropped from (4968, 5139, 3) to (1024, 1024, 3)
1728
Threshold: 1000 pixels, 1006262 groups removed 
Overlap groups before filtering: 1006296, after filtering: 34
loop took:  55.59081530570984
Clip: [0.5 3. ]
Cropped from (4968, 5139, 3) to (1024, 1024, 3)
1728
Threshold: 1000 pixels, 956270 groups removed 
Overlap groups before filtering: 956324, after filtering: 54
loop took:  49.84427523612976
Clip: [0.5 3.5]
Cropped from (4968, 5139, 3) to (1024, 1024, 3)
1728
Threshold: 1000 pixels, 939469 groups removed 
Overlap groups before filtering: 939558, after filtering: 89
loop took:  42.57936763763428
Clip: [0.5 4. ]
Cropped from (4968, 5139, 3) to (1024, 1024, 3)
1728
Threshold: 1000 pixels, 903100 groups removed 
Overlap groups before filtering: 903169, after filtering: 69
loop took:  44.423606157302856
Clip: [0.5 4.5]
Cropped from (4968, 5139, 3) to (1024, 531, 3)
1728
Threshold: 1000 pixels, 506589 groups removed 
Overlap groups before filtering: 506629, after filtering: 40
loop took:  31.165852546691895
Clip: [0.5 5. ]
Cropped from (4968, 5139, 3) to (1024, 19, 3)
This crop is too small
loop took:  0.4820065498352051
Clip: [0.5 5.5]
Exceeded image boundary
loop took:  0.0001850128173828125
Clip: [1. 0.]
Cropped from (4968, 5139, 3) to (1024, 1024, 3)
1728
Threshold: 1000 pixels, 1038653 groups removed 
Overlap groups before filtering: 1038751, after filtering: 98
loop took:  56.15617752075195
Clip: [1.  0.5]
Cropped from (4968, 5139, 3) to (1024, 1024, 3)
1728
Threshold: 1000 pixels, 1024948 groups removed 
Overlap groups before filtering: 1024996, after filtering: 48
loop took:  53.21843981742859
Clip: [1. 1.]
Cropped from (4968, 5139, 3) to (1024, 1024, 3)
1728
Threshold: 1000 pixels, 1032303 groups removed 
Overlap groups before filtering: 1032335, after filtering: 32
loop took:  64.06282353401184
Clip: [1.  1.5]
Cropped from (4968, 5139, 3) to (1024, 1024, 3)
1728
Threshold: 1000 pixels, 988107 groups removed 
Overlap groups before filtering: 988148, after filtering: 41
loop took:  53.34981560707092
Clip: [1. 2.]
Cropped from (4968, 5139, 3) to (1024, 1024, 3)
1728
Threshold: 1000 pixels, 942560 groups removed 
Overlap groups before filtering: 942611, after filtering: 51
loop took:  50.09694480895996
Clip: [1.  2.5]
Cropped from (4968, 5139, 3) to (1024, 1024, 3)
1728
Threshold: 1000 pixels, 935999 groups removed 
Overlap groups before filtering: 936047, after filtering: 48
loop took:  49.58727288246155
Clip: [1. 3.]
Cropped from (4968, 5139, 3) to (1024, 1024, 3)
1728
Threshold: 1000 pixels, 946536 groups removed 
Overlap groups before filtering: 946603, after filtering: 67
loop took:  50.71134352684021
Clip: [1.  3.5]
Cropped from (4968, 5139, 3) to (1024, 1024, 3)
1728
Threshold: 1000 pixels, 913288 groups removed 
Overlap groups before filtering: 913362, after filtering: 74
loop took:  50.142014026641846
Clip: [1. 4.]
Cropped from (4968, 5139, 3) to (1024, 1024, 3)
1728
Threshold: 1000 pixels, 954814 groups removed 
Overlap groups before filtering: 954908, after filtering: 94
loop took:  50.19046950340271
Clip: [1.  4.5]
Cropped from (4968, 5139, 3) to (1024, 531, 3)
1728
Threshold: 1000 pixels, 491950 groups removed 
Overlap groups before filtering: 492008, after filtering: 58
loop took:  32.07194972038269
Clip: [1. 5.]
Cropped from (4968, 5139, 3) to (1024, 19, 3)
This crop is too small
loop took:  0.4718475341796875
Clip: [1.  5.5]
Exceeded image boundary
loop took:  0.0001838207244873047
Clip: [1.5 0. ]
Cropped from (4968, 5139, 3) to (1024, 1024, 3)
1728
Threshold: 1000 pixels, 1028653 groups removed 
Overlap groups before filtering: 1028731, after filtering: 78
loop took:  58.11801242828369
Clip: [1.5 0.5]
Cropped from (4968, 5139, 3) to (1024, 1024, 3)
1728
Threshold: 1000 pixels, 1018490 groups removed 
Overlap groups before filtering: 1018556, after filtering: 66
loop took:  65.19748425483704
Clip: [1.5 1. ]
Cropped from (4968, 5139, 3) to (1024, 1024, 3)
1728
Threshold: 1000 pixels, 988365 groups removed 
Overlap groups before filtering: 988397, after filtering: 32
loop took:  61.505584478378296
Clip: [1.5 1.5]
Cropped from (4968, 5139, 3) to (1024, 1024, 3)
1728
Threshold: 1000 pixels, 962035 groups removed 
Overlap groups before filtering: 962087, after filtering: 52
loop took:  55.9368953704834
Clip: [1.5 2. ]
Cropped from (4968, 5139, 3) to (1024, 1024, 3)
1728
Threshold: 1000 pixels, 967185 groups removed 
Overlap groups before filtering: 967247, after filtering: 62
loop took:  56.082136154174805
Clip: [1.5 2.5]
Cropped from (4968, 5139, 3) to (1024, 1024, 3)
1728
Threshold: 1000 pixels, 945394 groups removed 
Overlap groups before filtering: 945443, after filtering: 49
loop took:  57.82941746711731
Clip: [1.5 3. ]
Cropped from (4968, 5139, 3) to (1024, 1024, 3)
1728
Threshold: 1000 pixels, 966408 groups removed 
Overlap groups before filtering: 966448, after filtering: 40
loop took:  67.5776481628418
Clip: [1.5 3.5]
Cropped from (4968, 5139, 3) to (1024, 1024, 3)
1728
Threshold: 1000 pixels, 992015 groups removed 
Overlap groups before filtering: 992059, after filtering: 44
loop took:  62.71197295188904
Clip: [1.5 4. ]
Cropped from (4968, 5139, 3) to (1024, 1024, 3)
1728
Threshold: 1000 pixels, 1008359 groups removed 
Overlap groups before filtering: 1008438, after filtering: 79
loop took:  59.75625705718994
Clip: [1.5 4.5]
Cropped from (4968, 5139, 3) to (1024, 531, 3)
1728
Threshold: 1000 pixels, 525940 groups removed 
Overlap groups before filtering: 525997, after filtering: 57
loop took:  39.31256413459778
Clip: [1.5 5. ]
Cropped from (4968, 5139, 3) to (1024, 19, 3)
This crop is too small
loop took:  0.4410264492034912
Clip: [1.5 5.5]
Exceeded image boundary
loop took:  0.0001804828643798828
Clip: [2. 0.]
Cropped from (4968, 5139, 3) to (1024, 1024, 3)
1728
Threshold: 1000 pixels, 1026886 groups removed 
Overlap groups before filtering: 1026937, after filtering: 51
loop took:  69.09435987472534
Clip: [2.  0.5]
Cropped from (4968, 5139, 3) to (1024, 1024, 3)
1728
Threshold: 1000 pixels, 989104 groups removed 
Overlap groups before filtering: 989159, after filtering: 55
loop took:  64.50010848045349
Clip: [2. 1.]
Cropped from (4968, 5139, 3) to (1024, 1024, 3)
1728
Threshold: 1000 pixels, 949040 groups removed 
Overlap groups before filtering: 949121, after filtering: 81
loop took:  57.7569534778595
Clip: [2.  1.5]
Cropped from (4968, 5139, 3) to (1024, 1024, 3)
1728
Threshold: 1000 pixels, 978560 groups removed 
Overlap groups before filtering: 978637, after filtering: 77
loop took:  63.26567769050598
Clip: [2. 2.]
Cropped from (4968, 5139, 3) to (1024, 1024, 3)
1728
Threshold: 1000 pixels, 995917 groups removed 
Overlap groups before filtering: 995984, after filtering: 67
loop took:  61.22899580001831
Clip: [2.  2.5]
Cropped from (4968, 5139, 3) to (1024, 1024, 3)
1728
Threshold: 1000 pixels, 948195 groups removed 
Overlap groups before filtering: 948276, after filtering: 81
loop took:  60.22578692436218
Clip: [2. 3.]
Cropped from (4968, 5139, 3) to (1024, 1024, 3)
1728
Threshold: 1000 pixels, 1029298 groups removed 
Overlap groups before filtering: 1029354, after filtering: 56
loop took:  64.9756920337677
Clip: [2.  3.5]
Cropped from (4968, 5139, 3) to (1024, 1024, 3)
1728
Threshold: 1000 pixels, 1019866 groups removed 
Overlap groups before filtering: 1019932, after filtering: 66
loop took:  71.48134255409241
Clip: [2. 4.]
Cropped from (4968, 5139, 3) to (1024, 1024, 3)
1728
Threshold: 1000 pixels, 1016296 groups removed 
Overlap groups before filtering: 1016364, after filtering: 68
loop took:  73.2731614112854
Clip: [2.  4.5]
Cropped from (4968, 5139, 3) to (1024, 531, 3)
1728
Threshold: 1000 pixels, 532190 groups removed 
Overlap groups before filtering: 532212, after filtering: 22
loop took:  50.26587462425232
Clip: [2. 5.]
Cropped from (4968, 5139, 3) to (1024, 19, 3)
This crop is too small
loop took:  0.46746039390563965
Clip: [2.  5.5]
Exceeded image boundary
loop took:  0.00018978118896484375
Clip: [2.5 0. ]
Cropped from (4968, 5139, 3) to (1024, 1024, 3)
1728
Threshold: 1000 pixels, 1003844 groups removed 
Overlap groups before filtering: 1003900, after filtering: 56
loop took:  66.138112783432
Clip: [2.5 0.5]
Cropped from (4968, 5139, 3) to (1024, 1024, 3)
1728
Threshold: 1000 pixels, 1021361 groups removed 
Overlap groups before filtering: 1021456, after filtering: 95
loop took:  70.04198932647705
Clip: [2.5 1. ]
Cropped from (4968, 5139, 3) to (1024, 1024, 3)
1728
Threshold: 1000 pixels, 1010251 groups removed 
Overlap groups before filtering: 1010354, after filtering: 103
loop took:  64.44260764122009
Clip: [2.5 1.5]
Cropped from (4968, 5139, 3) to (1024, 1024, 3)
1728
Threshold: 1000 pixels, 990374 groups removed 
Overlap groups before filtering: 990433, after filtering: 59
loop took:  66.04817914962769
Clip: [2.5 2. ]
Cropped from (4968, 5139, 3) to (1024, 1024, 3)
1728
Threshold: 1000 pixels, 1006442 groups removed 
Overlap groups before filtering: 1006486, after filtering: 44
loop took:  70.12989830970764
Clip: [2.5 2.5]
Cropped from (4968, 5139, 3) to (1024, 1024, 3)
1728
Threshold: 1000 pixels, 1007702 groups removed 
Overlap groups before filtering: 1007780, after filtering: 78
loop took:  68.95930647850037
Clip: [2.5 3. ]
Cropped from (4968, 5139, 3) to (1024, 1024, 3)
1728
Threshold: 1000 pixels, 1022779 groups removed 
Overlap groups before filtering: 1022847, after filtering: 68
loop took:  71.60411286354065
Clip: [2.5 3.5]
Cropped from (4968, 5139, 3) to (1024, 1024, 3)
1728
Threshold: 1000 pixels, 977799 groups removed 
Overlap groups before filtering: 977880, after filtering: 81
loop took:  71.66257572174072
Clip: [2.5 4. ]
Cropped from (4968, 5139, 3) to (1024, 1024, 3)
1728
Threshold: 1000 pixels, 1001406 groups removed 
Overlap groups before filtering: 1001451, after filtering: 45
loop took:  79.52309703826904
Clip: [2.5 4.5]
Cropped from (4968, 5139, 3) to (1024, 531, 3)
1728
Threshold: 1000 pixels, 536274 groups removed 
Overlap groups before filtering: 536283, after filtering: 9
loop took:  64.15902256965637
Clip: [2.5 5. ]
Cropped from (4968, 5139, 3) to (1024, 19, 3)
This crop is too small
loop took:  0.5015606880187988
Clip: [2.5 5.5]
Exceeded image boundary
loop took:  0.00018358230590820312
Clip: [3. 0.]
Cropped from (4968, 5139, 3) to (1024, 1024, 3)
1728
Threshold: 1000 pixels, 973969 groups removed 
Overlap groups before filtering: 974017, after filtering: 48
loop took:  70.19748902320862
Clip: [3.  0.5]
Cropped from (4968, 5139, 3) to (1024, 1024, 3)
1728
Threshold: 1000 pixels, 995172 groups removed 
Overlap groups before filtering: 995228, after filtering: 56
loop took:  79.39886403083801
Clip: [3. 1.]
Cropped from (4968, 5139, 3) to (1024, 1024, 3)
1728
Threshold: 1000 pixels, 961702 groups removed 
Overlap groups before filtering: 961768, after filtering: 66
loop took:  75.77122354507446
Clip: [3.  1.5]
Cropped from (4968, 5139, 3) to (1024, 1024, 3)
1728
Threshold: 1000 pixels, 943999 groups removed 
Overlap groups before filtering: 944061, after filtering: 62
loop took:  71.09582686424255
Clip: [3. 2.]
Cropped from (4968, 5139, 3) to (1024, 1024, 3)
1728
Threshold: 1000 pixels, 961613 groups removed 
Overlap groups before filtering: 961678, after filtering: 65
loop took:  70.06144547462463
Clip: [3.  2.5]
Cropped from (4968, 5139, 3) to (1024, 1024, 3)
1728
Threshold: 1000 pixels, 988026 groups removed 
Overlap groups before filtering: 988091, after filtering: 65
loop took:  73.71358633041382
Clip: [3. 3.]
Cropped from (4968, 5139, 3) to (1024, 1024, 3)
1728
Threshold: 1000 pixels, 996544 groups removed 
Overlap groups before filtering: 996593, after filtering: 49
loop took:  76.95151805877686
Clip: [3.  3.5]
Cropped from (4968, 5139, 3) to (1024, 1024, 3)
1728
Threshold: 1000 pixels, 1000579 groups removed 
Overlap groups before filtering: 1000701, after filtering: 122
loop took:  78.88270378112793
Clip: [3. 4.]
Cropped from (4968, 5139, 3) to (1024, 1024, 3)
1728
Threshold: 1000 pixels, 986307 groups removed 
Overlap groups before filtering: 986360, after filtering: 53
loop took:  79.73463940620422
Clip: [3.  4.5]
Cropped from (4968, 5139, 3) to (1024, 531, 3)
1728
Threshold: 1000 pixels, 522622 groups removed 
Overlap groups before filtering: 522654, after filtering: 32
loop took:  62.664162397384644
Clip: [3. 5.]
Cropped from (4968, 5139, 3) to (1024, 19, 3)
This crop is too small
loop took:  0.44296717643737793
Clip: [3.  5.5]
Exceeded image boundary
loop took:  0.00018978118896484375
Clip: [3.5 0. ]
Cropped from (4968, 5139, 3) to (1024, 1024, 3)
1728
Threshold: 1000 pixels, 1017239 groups removed 
Overlap groups before filtering: 1017295, after filtering: 56
loop took:  84.37029337882996
Clip: [3.5 0.5]
Cropped from (4968, 5139, 3) to (1024, 1024, 3)
1728
Threshold: 1000 pixels, 999653 groups removed 
Overlap groups before filtering: 999694, after filtering: 41
loop took:  79.16952919960022
Clip: [3.5 1. ]
Cropped from (4968, 5139, 3) to (1024, 1024, 3)
1728
Threshold: 1000 pixels, 1012724 groups removed 
Overlap groups before filtering: 1012803, after filtering: 79
loop took:  79.25548911094666
Clip: [3.5 1.5]
Cropped from (4968, 5139, 3) to (1024, 1024, 3)
1728
Threshold: 1000 pixels, 978631 groups removed 
Overlap groups before filtering: 978712, after filtering: 81
loop took:  77.7684633731842
Clip: [3.5 2. ]
Cropped from (4968, 5139, 3) to (1024, 1024, 3)
1728
Threshold: 1000 pixels, 976380 groups removed 
Overlap groups before filtering: 976443, after filtering: 63
loop took:  75.075115442276
Clip: [3.5 2.5]
Cropped from (4968, 5139, 3) to (1024, 1024, 3)
1728
Threshold: 1000 pixels, 933633 groups removed 
Overlap groups before filtering: 933705, after filtering: 72
loop took:  78.37929821014404
Clip: [3.5 3. ]
Cropped from (4968, 5139, 3) to (1024, 1024, 3)
1728
Threshold: 1000 pixels, 1010104 groups removed 
Overlap groups before filtering: 1010180, after filtering: 76
loop took:  83.35359191894531
Clip: [3.5 3.5]
Cropped from (4968, 5139, 3) to (1024, 1024, 3)
1728
Threshold: 1000 pixels, 985307 groups removed 
Overlap groups before filtering: 985367, after filtering: 60
loop took:  81.301584482193
Clip: [3.5 4. ]
Cropped from (4968, 5139, 3) to (1024, 1024, 3)
1728
Threshold: 1000 pixels, 970277 groups removed 
Overlap groups before filtering: 970338, after filtering: 61
loop took:  83.68864965438843
Clip: [3.5 4.5]
Cropped from (4968, 5139, 3) to (1024, 531, 3)
1728
Threshold: 1000 pixels, 515431 groups removed 
Overlap groups before filtering: 515478, after filtering: 47
loop took:  58.43182110786438
Clip: [3.5 5. ]
Cropped from (4968, 5139, 3) to (1024, 19, 3)
This crop is too small
loop took:  0.48720788955688477
Clip: [3.5 5.5]
Exceeded image boundary
loop took:  0.00018286705017089844
Clip: [4. 0.]
Cropped from (4968, 5139, 3) to (872, 1024, 3)
1728
Threshold: 1000 pixels, 865930 groups removed 
Overlap groups before filtering: 865944, after filtering: 14
loop took:  82.51806402206421
Clip: [4.  0.5]
Cropped from (4968, 5139, 3) to (872, 1024, 3)
1728
Threshold: 1000 pixels, 852530 groups removed 
Overlap groups before filtering: 852563, after filtering: 33
loop took:  82.52611303329468
Clip: [4. 1.]
Cropped from (4968, 5139, 3) to (872, 1024, 3)
1728
Threshold: 1000 pixels, 866407 groups removed 
Overlap groups before filtering: 866455, after filtering: 48
loop took:  76.69779253005981
Clip: [4.  1.5]
Cropped from (4968, 5139, 3) to (872, 1024, 3)
1728
Threshold: 1000 pixels, 838400 groups removed 
Overlap groups before filtering: 838432, after filtering: 32
loop took:  81.34702968597412
Clip: [4. 2.]
Cropped from (4968, 5139, 3) to (872, 1024, 3)
1728
Threshold: 1000 pixels, 847236 groups removed 
Overlap groups before filtering: 847276, after filtering: 40
loop took:  70.9485330581665
Clip: [4.  2.5]
Cropped from (4968, 5139, 3) to (872, 1024, 3)
1728
Threshold: 1000 pixels, 870038 groups removed 
Overlap groups before filtering: 870124, after filtering: 86
loop took:  73.56266045570374
Clip: [4. 3.]
Cropped from (4968, 5139, 3) to (872, 1024, 3)
1728
Threshold: 1000 pixels, 853642 groups removed 
Overlap groups before filtering: 853713, after filtering: 71
loop took:  78.0627806186676
Clip: [4.  3.5]
Cropped from (4968, 5139, 3) to (872, 1024, 3)
1728
Threshold: 1000 pixels, 808464 groups removed 
Overlap groups before filtering: 808541, after filtering: 77
loop took:  70.14358830451965
Clip: [4. 4.]
Cropped from (4968, 5139, 3) to (872, 1024, 3)
1728
Threshold: 1000 pixels, 837098 groups removed 
Overlap groups before filtering: 837163, after filtering: 65
loop took:  71.35350298881531
Clip: [4.  4.5]
Cropped from (4968, 5139, 3) to (872, 531, 3)
1728
Threshold: 1000 pixels, 453735 groups removed 
Overlap groups before filtering: 453767, after filtering: 32
loop took:  60.977242946624756
Clip: [4. 5.]
Cropped from (4968, 5139, 3) to (872, 19, 3)
This crop is too small
loop took:  0.4770174026489258
Clip: [4.  5.5]
Exceeded image boundary
loop took:  0.0001800060272216797
Clip: [4.5 0. ]
Cropped from (4968, 5139, 3) to (360, 1024, 3)
This crop is too small
loop took:  0.4184746742248535
Clip: [4.5 0.5]
Cropped from (4968, 5139, 3) to (360, 1024, 3)
This crop is too small
loop took:  0.4217801094055176
Clip: [4.5 1. ]
Cropped from (4968, 5139, 3) to (360, 1024, 3)
This crop is too small
loop took:  0.4204249382019043
Clip: [4.5 1.5]
Cropped from (4968, 5139, 3) to (360, 1024, 3)
This crop is too small
loop took:  0.4301309585571289
Clip: [4.5 2. ]
Cropped from (4968, 5139, 3) to (360, 1024, 3)
This crop is too small
loop took:  0.4239695072174072
Clip: [4.5 2.5]
Cropped from (4968, 5139, 3) to (360, 1024, 3)
This crop is too small
loop took:  0.4195070266723633
Clip: [4.5 3. ]
Cropped from (4968, 5139, 3) to (360, 1024, 3)
This crop is too small
loop took:  0.4147815704345703
Clip: [4.5 3.5]
Cropped from (4968, 5139, 3) to (360, 1024, 3)
This crop is too small
loop took:  0.4142117500305176
Clip: [4.5 4. ]
Cropped from (4968, 5139, 3) to (360, 1024, 3)
This crop is too small
loop took:  0.41727709770202637
Clip: [4.5 4.5]
Cropped from (4968, 5139, 3) to (360, 531, 3)
This crop is too small
loop took:  0.41295528411865234
Clip: [4.5 5. ]
Cropped from (4968, 5139, 3) to (360, 19, 3)
This crop is too small
loop took:  0.4131436347961426
Clip: [4.5 5.5]
Exceeded image boundary
loop took:  0.00017642974853515625
Traceback (most recent call last):
  File "code/overlap_highestIOU_reseg_moving_clip_noplot_nolabel.py", line 319, in <module>
    resize[int(crop_size*i):int(crop_size*i+crop_size),int(crop_size*j):int(crop_size*j+crop_size)]=mask
ValueError: could not broadcast input array from shape (1024,531) into shape (1024,1024)
Ravi2_orthomosaic_02mm.png imported
Image size: (19871, 20555, 3)
Currently running on GPU
Model vit_h
Clip: [0. 0.]
Cropped from (3312, 3426, 3) to (1024, 1024, 3)
1728
Threshold: 1000 pixels, 1021078 groups removed 
Overlap groups before filtering: 1021161, after filtering: 83
loop took:  53.43962097167969
Clip: [0.  0.5]
Cropped from (3312, 3426, 3) to (1024, 1024, 3)
1728
Threshold: 1000 pixels, 1001667 groups removed 
Overlap groups before filtering: 1001761, after filtering: 94
loop took:  38.10955762863159
Clip: [0. 1.]
Exceeded image boundary
loop took:  0.0005629062652587891
Clip: [0.  1.5]
Exceeded image boundary
loop took:  0.00033736228942871094
Clip: [0. 2.]
Exceeded image boundary
loop took:  0.0003056526184082031
Clip: [0.  2.5]
Exceeded image boundary
loop took:  0.00029468536376953125
Clip: [0. 3.]
Exceeded image boundary
loop took:  0.00028443336486816406
Clip: [0.  3.5]
Exceeded image boundary
loop took:  0.0002799034118652344
Clip: [0.5 0. ]
Cropped from (3312, 3426, 3) to (1024, 1024, 3)
1728
Threshold: 1000 pixels, 1026807 groups removed 
Overlap groups before filtering: 1026875, after filtering: 68
loop took:  55.5019428730011
Clip: [0.5 0.5]
Cropped from (3312, 3426, 3) to (1024, 1024, 3)
1728
Threshold: 1000 pixels, 961414 groups removed 
Overlap groups before filtering: 961495, after filtering: 81
loop took:  46.85011672973633
Clip: [0.5 1. ]
Exceeded image boundary
loop took:  0.0007233619689941406
Clip: [0.5 1.5]
Exceeded image boundary
loop took:  0.00035262107849121094
Clip: [0.5 2. ]
Exceeded image boundary
loop took:  0.0003159046173095703
Clip: [0.5 2.5]
Exceeded image boundary
loop took:  0.00029468536376953125
Clip: [0.5 3. ]
Exceeded image boundary
loop took:  0.00028586387634277344
Clip: [0.5 3.5]
Exceeded image boundary
loop took:  0.0002808570861816406
Clip: [1. 0.]
Exceeded image boundary
loop took:  0.00027871131896972656
Clip: [1.  0.5]
Exceeded image boundary
loop took:  0.0002770423889160156
Clip: [1. 1.]
Exceeded image boundary
loop took:  0.00027179718017578125
Clip: [1.  1.5]
Exceeded image boundary
loop took:  0.0002751350402832031
Clip: [1. 2.]
Exceeded image boundary
loop took:  0.0002739429473876953
Clip: [1.  2.5]
Exceeded image boundary
loop took:  0.00027179718017578125
Clip: [1. 3.]
Exceeded image boundary
loop took:  0.0002713203430175781
Clip: [1.  3.5]
Exceeded image boundary
loop took:  0.0002963542938232422
Clip: [1.5 0. ]
Exceeded image boundary
loop took:  0.0002818107604980469
Clip: [1.5 0.5]
Exceeded image boundary
loop took:  0.00027441978454589844
Clip: [1.5 1. ]
Exceeded image boundary
loop took:  0.0002739429473876953
Clip: [1.5 1.5]
Exceeded image boundary
loop took:  0.00027179718017578125
Clip: [1.5 2. ]
Exceeded image boundary
loop took:  0.0002722740173339844
Clip: [1.5 2.5]
Exceeded image boundary
loop took:  0.0002703666687011719
Clip: [1.5 3. ]
Exceeded image boundary
loop took:  0.00027060508728027344
Clip: [1.5 3.5]
Exceeded image boundary
loop took:  0.00026798248291015625
Clip: [2. 0.]
Exceeded image boundary
loop took:  0.0002689361572265625
Clip: [2.  0.5]
Exceeded image boundary
loop took:  0.0002837181091308594
Clip: [2. 1.]
Exceeded image boundary
loop took:  0.00026869773864746094
Clip: [2.  1.5]
Exceeded image boundary
loop took:  0.00026607513427734375
Clip: [2. 2.]
Exceeded image boundary
loop took:  0.00026607513427734375
Clip: [2.  2.5]
Exceeded image boundary
loop took:  0.00028514862060546875
Clip: [2. 3.]
Exceeded image boundary
loop took:  0.00027060508728027344
Clip: [2.  3.5]
Exceeded image boundary
loop took:  0.0002684593200683594
Clip: [2.5 0. ]
Exceeded image boundary
loop took:  0.0002689361572265625
Clip: [2.5 0.5]
Exceeded image boundary
loop took:  0.00027060508728027344
Clip: [2.5 1. ]
Exceeded image boundary
loop took:  0.0003063678741455078
Clip: [2.5 1.5]
Exceeded image boundary
loop took:  0.00027823448181152344
Clip: [2.5 2. ]
Exceeded image boundary
loop took:  0.00027060508728027344
Clip: [2.5 2.5]
Exceeded image boundary
loop took:  0.0002682209014892578
Clip: [2.5 3. ]
Exceeded image boundary
loop took:  0.0002658367156982422
Clip: [2.5 3.5]
Exceeded image boundary
loop took:  0.0002682209014892578
Clip: [3. 0.]
Exceeded image boundary
loop took:  0.0002715587615966797
Clip: [3.  0.5]
Exceeded image boundary
loop took:  0.0002701282501220703
Clip: [3. 1.]
Exceeded image boundary
loop took:  0.00027179718017578125
Clip: [3.  1.5]
Exceeded image boundary
loop took:  0.0002884864807128906
Clip: [3. 2.]
Exceeded image boundary
loop took:  0.00027441978454589844
Clip: [3.  2.5]
Exceeded image boundary
loop took:  0.00026869773864746094
Clip: [3. 3.]
Exceeded image boundary
loop took:  0.0002677440643310547
Clip: [3.  3.5]
Exceeded image boundary
loop took:  0.0002701282501220703
Clip: [3.5 0. ]
Exceeded image boundary
loop took:  0.0002684593200683594
Clip: [3.5 0.5]
Exceeded image boundary
loop took:  0.0002701282501220703
Clip: [3.5 1. ]
Exceeded image boundary
loop took:  0.0002682209014892578
Clip: [3.5 1.5]
Exceeded image boundary
loop took:  0.0002696514129638672
Clip: [3.5 2. ]
Exceeded image boundary
loop took:  0.00026988983154296875
Clip: [3.5 2.5]
Exceeded image boundary
loop took:  0.00027179718017578125
Clip: [3.5 3. ]
Exceeded image boundary
loop took:  0.0002696514129638672
Clip: [3.5 3.5]
Exceeded image boundary
loop took:  0.0002684593200683594
68 masks found
NMS filtered, 60 masks remains
script took:  226.5620300769806
